# Pipeline Blockers Log - 2026-04-09T15:33:28Z
# Score: 96/96

## Summary by Category
  animation: 2/2 [PASS]
  audio: 3/3 [PASS]
  particle: 1/1 [PASS]
  preset: 2/2 [PASS]
  project: 15/15 [PASS]
  resource: 4/4 [PASS]
  scene: 46/46 [PASS]
  script: 16/16 [PASS]
  shader: 2/2 [PASS]
  signal: 3/3 [PASS]
  theme: 2/2 [PASS]

## No blockers! All steps passed.

## Passed (96 steps)
  OK: Create project [project]
  OK: Set display 720x1280 portrait [project]
  OK: Set rendering to mobile [project]
  OK: Add click input action [project]
  OK: Add ui_upgrade input [project]
  OK: Name physics layer 1 [project]
  OK: Create main scene [scene]
  OK: Add VBoxContainer layout [scene]
  OK: Add score Label [scene]
  OK: Set score label text [scene]
  OK: Add click Button [scene]
  OK: Set button text [scene]
  OK: Add upgrade Button [scene]
  OK: Set upgrade button text [scene]
  OK: Add coins-per-sec Label [scene]
  OK: Set rate label text [scene]
  OK: Create main game script [script]
  OK: Attach main script to root [script]
  OK: Create game manager autoload [script]
  OK: Register game manager autoload [project]
  OK: Connect click button pressed [signal]
  OK: Connect upgrade button pressed [signal]
  OK: List signals to verify [signal]
  OK: Add passive income timer [scene]
  OK: Create audio bus layout [audio]
  OK: Add click sound player [audio]
  OK: Add bg music player [audio]
  OK: Add click particle effect [particle]
  OK: Create UI theme [theme]
  OK: Create button stylebox [theme]
  OK: Create score popup animation [animation]
  OK: Add scale track to popup [animation]
  OK: Create flash shader [shader]
  OK: Create shader material [shader]
  OK: Create HUD subscene [scene]
  OK: Add HUD label [scene]
  OK: Instance HUD into main [scene]
  OK: Add camera to main [scene]
  OK: Group click button as clickable [scene]
  OK: Duplicate upgrade button [scene]
  OK: Create upgrade curve [resource]
  OK: Create gradient for UI [resource]
  OK: Set button anchor preset [scene]
  OK: Set layout size flags [scene]
  OK: Assign theme to main [scene]
  OK: Set main scene [project]
  OK: Add AnimationPlayer node [scene]
  OK: Create script with signals and exports [script]
  OK: Remove duplicate button [scene]
  OK: Rename a node [scene]
  OK: Reorder node to first child [scene]
  OK: List scene resources [resource]
  OK: Assign stylebox to button [scene]
  OK: Bulk set node properties [scene]
  OK: Add background ColorRect [scene]
  OK: Add TextureRect for UI art [scene]
  OK: Set window title [project]
  OK: Move node to different parent [scene]
  OK: Create scene from CLI args [scene]
  OK: Copy node properties [scene]
  OK: List node types in scene [scene]
  OK: Set material on button [scene]
  OK: Add MarginContainer [scene]
  OK: Add method to script [script]
  OK: Add variable to script [script]
  OK: Add export to script [script]
  OK: Add signal to script [script]
  OK: Inspect specific node [scene]
  OK: Enable a plugin [project]
  OK: Set full rect anchor [scene]
  OK: Create UI panel from template [scene]
  OK: List script methods [script]
  OK: List script variables [script]
  OK: Set window title [project]
  OK: Set project icon [project]
  OK: Count nodes across project [scene]
  OK: Get scene tree JSON [scene]
  OK: Create shop from template [scene]
  OK: Add shop upgrade 1 [scene]
  OK: Add shop upgrade 2 [scene]
  OK: Create shop script [script]
  OK: Add shop vars [script]
  OK: Add shop signal [script]
  OK: Add shop buy method [script]
  OK: Attach shop script [script]
  OK: Instance shop into main [scene]
  OK: Create player scene [scene]
  OK: Create player script [script]
  OK: List scenes in project [scene]
  OK: List nodes in main scene [scene]
  OK: Inspect main scene [resource]
  OK: Validate project [project]
  OK: Project stats [project]
  OK: Project info [project]
  OK: Create export preset [preset]
  OK: List export presets [preset]